C51 COMPILER V9.56.0.0   LCD                                                               11/25/2017 22:30:14 PAGE 1   


C51 COMPILER V9.56.0.0, COMPILATION OF MODULE LCD
OBJECT MODULE PLACED IN .\Objects\lcd.obj
COMPILER INVOKED BY: C:\Keil_8051\C51\BIN\C51.EXE lcd.c OPTIMIZE(8,SPEED) BROWSE DEBUG OBJECTEXTEND PRINT(.\Listings\lcd
                    -.lst) TABS(2) OBJECT(.\Objects\lcd.obj)

line level    source

   1          #include<reg52.h>
   2          
   3          //    RS     RW     E       D0 -  D7
   4          //   P2.0   P2.1   P2.2   P1.0 - P1.7
   5          //#define
   6          sbit RS=P2^0;
   7          sbit RW=P2^1;
   8          sbit E=P2^2;
   9          
  10          void send_command(unsigned int command_value ) ;
  11          void send_data(unsigned int data_value) ;
  12          void ms_delay( unsigned int time);
  13          
  14          void main()
  15          {
  16   1        
  17   1      //LCD INITIALIZATION
  18   1      
  19   1      //2 lines and 5x7 matrix
  20   1      send_command(0x38);
  21   1      
  22   1      //display on cursor blink
  23   1      send_command(0x0E);
  24   1      
  25   1      //clear display screen
  26   1      send_command(0X01);
  27   1      
  28   1      
  29   1      
  30   1      
  31   1      //PRINTING A CHARACTER
  32   1      
  33   1      while(1)
  34   1      {
  35   2      
  36   2      send_command(0x80)  ; // force cursor on 1st line   
  37   2      send_data('E');
  38   2      send_data('M');
  39   2      send_data('B');
  40   2      send_data('E');
  41   2      send_data('D');
  42   2      send_data('D');
  43   2      send_data('E');
  44   2      send_data('D');
  45   2        
  46   2      send_command(0xC0)  ; // force cursor on 2nd line 
  47   2        
  48   2      send_data('L');
  49   2      send_data('A');
  50   2      send_data('B'); 
  51   2      
  52   2      }
  53   1      
  54   1      }
C51 COMPILER V9.56.0.0   LCD                                                               11/25/2017 22:30:14 PAGE 2   

  55          
  56          
  57          
  58          void send_command(unsigned int command_value ) 
  59          {
  60   1        P1=command_value;
  61   1        RW=0;
  62   1        RS=0;
  63   1        E=1;
  64   1        ms_delay(10);
  65   1        E=0;
  66   1      } 
  67          
  68          void send_data(unsigned int data_value) 
  69          {
  70   1        P1=data_value;
  71   1        RW=0;
  72   1        RS=1;
  73   1        E=1;
  74   1        ms_delay(10);
  75   1        E=0;
  76   1      }
  77          
  78          void ms_delay( unsigned int time)
  79          {
  80   1        unsigned int i,j;
  81   1        //time X 1ms
  82   1        for(i=0;i<time;i++)
  83   1        {
  84   2          for(j=0;j<113;j++);  //1 ms
  85   2        }
  86   1      }
  87          


MODULE INFORMATION:   STATIC OVERLAYABLE
   CODE SIZE        =    168    ----
   CONSTANT SIZE    =   ----    ----
   XDATA SIZE       =   ----    ----
   PDATA SIZE       =   ----    ----
   DATA SIZE        =   ----    ----
   IDATA SIZE       =   ----    ----
   BIT SIZE         =   ----    ----
END OF MODULE INFORMATION.


C51 COMPILATION COMPLETE.  0 WARNING(S),  0 ERROR(S)
