C51 COMPILER V9.56.0.0   COUNTER                                                           11/26/2017 21:28:21 PAGE 1   


C51 COMPILER V9.56.0.0, COMPILATION OF MODULE COUNTER
OBJECT MODULE PLACED IN .\Objects\counter.obj
COMPILER INVOKED BY: C:\Keil_8051\C51\BIN\C51.EXE counter.c OPTIMIZE(8,SPEED) BROWSE DEBUG OBJECTEXTEND PRINT(.\Listings
                    -\counter.lst) TABS(2) OBJECT(.\Objects\counter.obj)

line level    source

   1          #include<reg52.h>
   2          
   3          sbit count_T0=P3^4;
   4          
   5          void main()
   6          {
   7   1        
   8   1      TMOD=0X06; //counter 0, mode 2, 8 bit mode
   9   1        
  10   1      count_T0=1; // p3.4 input pin
  11   1        
  12   1      while(1)
  13   1      {
  14   2        
  15   2      TH0=0x00;
  16   2      TL0=0x00; 
  17   2        
  18   2      TR0=1; //counter 0 on
  19   2        
  20   2      while(!TF0)
  21   2      {
  22   3      P1=TL0;
  23   3      }
  24   2      
  25   2      TF0=0;
  26   2      TR0=0; //off counter 
  27   2      }
  28   1      
  29   1      }
  30          


MODULE INFORMATION:   STATIC OVERLAYABLE
   CODE SIZE        =     26    ----
   CONSTANT SIZE    =   ----    ----
   XDATA SIZE       =   ----    ----
   PDATA SIZE       =   ----    ----
   DATA SIZE        =   ----    ----
   IDATA SIZE       =   ----    ----
   BIT SIZE         =   ----    ----
END OF MODULE INFORMATION.


C51 COMPILATION COMPLETE.  0 WARNING(S),  0 ERROR(S)
