A51 MACRO ASSEMBLER  TIMER                                                                11/26/2017 18:13:46 PAGE     1


MACRO ASSEMBLER A51 V8.2.5.0
OBJECT MODULE PLACED IN .\Objects\timer.obj
ASSEMBLER INVOKED BY: C:\Keil_8051\C51\BIN\A51.EXE timer.s SET(SMALL) DEBUG PRINT(.\Listings\timer.lst) OBJECT(.\Objects
                      \timer.obj) EP

LOC  OBJ            LINE     SOURCE

0000                   1     ORG 00H

                       2     

0000 758901            3     MOV  TMOD, #01H  

0003                   4     again1: 

                       5     

0003 7590FF            6     MOV P1, #0FFH

0006 110F              7     ACALL DELAY

0008 759000            8     MOV P1, #00H

000B 110F              9     ACALL DELAY

                      10     

000D 80F4             11     SJMP again1

                      12     

                      13     

                      14     

000F 758A00           15     DELAY:   MOV TL0, #00H 

0012 758CEE           16     MOV TH0, #0EEH 

0015 D28C             17     SETB TR0  

0017 308DFD           18     again: JNB TF0, again  

001A C28C             19     CLR TR0 

001C C28D             20     CLR TF0

001E 22               21     RET

                      22     

                      23     

                      24     END

A51 MACRO ASSEMBLER  TIMER                                                                11/26/2017 18:13:46 PAGE     2

SYMBOL TABLE LISTING
------ ----- -------


N A M E             T Y P E  V A L U E   ATTRIBUTES

AGAIN. . . . . . .  C ADDR   0017H   A   
AGAIN1 . . . . . .  C ADDR   0003H   A   
DELAY. . . . . . .  C ADDR   000FH   A   
P1 . . . . . . . .  D ADDR   0090H   A   
TF0. . . . . . . .  B ADDR   0088H.5 A   
TH0. . . . . . . .  D ADDR   008CH   A   
TL0. . . . . . . .  D ADDR   008AH   A   
TMOD . . . . . . .  D ADDR   0089H   A   
TR0. . . . . . . .  B ADDR   0088H.4 A   


REGISTER BANK(S) USED: 0 


ASSEMBLY COMPLETE.  0 WARNING(S), 0 ERROR(S)
